[ 2017-02-27T23:07:20+08:00 ] ::1 /Blog/index.php/Admin/Cat/catlist.html
INFO: [ app_init ] --START--
INFO: Run Behavior\BuildLiteBehavior [ RunTime:0.000033s ]
INFO: [ app_init ] --END-- [ RunTime:0.000996s ]
INFO: [ app_begin ] --START--
INFO: Run Behavior\ReadHtmlCacheBehavior [ RunTime:0.001698s ]
INFO: [ app_begin ] --END-- [ RunTime:0.001906s ]
SQL: SHOW COLUMNS FROM `art` [ RunTime:0.0114s ]
SQL: SHOW COLUMNS FROM `cat` [ RunTime:0.0092s ]
SQL: SELECT * FROM `cat`  [ RunTime:0.0006s ]
INFO: [ view_parse ] --START--
INFO: [ template_filter ] --START--
INFO: Run Behavior\ContentReplaceBehavior [ RunTime:0.000136s ]
INFO: [ template_filter ] --END-- [ RunTime:0.000266s ]
NOTIC: [8] Use of undefined constant cat_id - assumed 'cat_id' D:\app\XAMPP\install\htdocs\Blog\Application\Runtime\Cache\Admin\8505899e8242d58022a2c24f700df1a6.php 第 47 行.
NOTIC: [8] Use of undefined constant cat_id - assumed 'cat_id' D:\app\XAMPP\install\htdocs\Blog\Application\Runtime\Cache\Admin\8505899e8242d58022a2c24f700df1a6.php 第 48 行.
NOTIC: [8] Use of undefined constant cat_name - assumed 'cat_name' D:\app\XAMPP\install\htdocs\Blog\Application\Runtime\Cache\Admin\8505899e8242d58022a2c24f700df1a6.php 第 48 行.
NOTIC: [8] Use of undefined constant cat_id - assumed 'cat_id' D:\app\XAMPP\install\htdocs\Blog\Application\Runtime\Cache\Admin\8505899e8242d58022a2c24f700df1a6.php 第 47 行.
NOTIC: [8] Use of undefined constant cat_id - assumed 'cat_id' D:\app\XAMPP\install\htdocs\Blog\Application\Runtime\Cache\Admin\8505899e8242d58022a2c24f700df1a6.php 第 48 行.
NOTIC: [8] Use of undefined constant cat_name - assumed 'cat_name' D:\app\XAMPP\install\htdocs\Blog\Application\Runtime\Cache\Admin\8505899e8242d58022a2c24f700df1a6.php 第 48 行.
NOTIC: [8] Use of undefined constant cat_id - assumed 'cat_id' D:\app\XAMPP\install\htdocs\Blog\Application\Runtime\Cache\Admin\8505899e8242d58022a2c24f700df1a6.php 第 47 行.
NOTIC: [8] Use of undefined constant cat_id - assumed 'cat_id' D:\app\XAMPP\install\htdocs\Blog\Application\Runtime\Cache\Admin\8505899e8242d58022a2c24f700df1a6.php 第 48 行.
NOTIC: [8] Use of undefined constant cat_name - assumed 'cat_name' D:\app\XAMPP\install\htdocs\Blog\Application\Runtime\Cache\Admin\8505899e8242d58022a2c24f700df1a6.php 第 48 行.
NOTIC: [8] Use of undefined constant cat_id - assumed 'cat_id' D:\app\XAMPP\install\htdocs\Blog\Application\Runtime\Cache\Admin\8505899e8242d58022a2c24f700df1a6.php 第 47 行.
NOTIC: [8] Use of undefined constant cat_id - assumed 'cat_id' D:\app\XAMPP\install\htdocs\Blog\Application\Runtime\Cache\Admin\8505899e8242d58022a2c24f700df1a6.php 第 48 行.
NOTIC: [8] Use of undefined constant cat_name - assumed 'cat_name' D:\app\XAMPP\install\htdocs\Blog\Application\Runtime\Cache\Admin\8505899e8242d58022a2c24f700df1a6.php 第 48 行.
INFO: Run Behavior\ParseTemplateBehavior [ RunTime:0.082592s ]
INFO: [ view_parse ] --END-- [ RunTime:0.082767s ]
INFO: [ view_filter ] --START--
INFO: Run Behavior\WriteHtmlCacheBehavior [ RunTime:0.000764s ]
INFO: [ view_filter ] --END-- [ RunTime:0.000868s ]
INFO: [ app_end ] --START--
INFO: Run Behavior\ShowPageTraceBehavior [ RunTime:0.001179s ]
INFO: [ app_end ] --END-- [ RunTime:0.001291s ]

[ 2017-02-27T23:15:15+08:00 ] ::1 /Blog/index.php/Admin/Cat/catlist.html
INFO: [ app_init ] --START--
INFO: Run Behavior\BuildLiteBehavior [ RunTime:0.000032s ]
INFO: [ app_init ] --END-- [ RunTime:0.001067s ]
INFO: [ app_begin ] --START--
INFO: Run Behavior\ReadHtmlCacheBehavior [ RunTime:0.001557s ]
INFO: [ app_begin ] --END-- [ RunTime:0.001708s ]
NOTIC: [8] A session had already been started - ignoring session_start() D:\app\XAMPP\install\htdocs\Blog\Application\Admin\Common\Common.php 第 5 行.
SQL: SHOW COLUMNS FROM `art` [ RunTime:0.0139s ]
SQL: SHOW COLUMNS FROM `cat` [ RunTime:0.0117s ]
SQL: SELECT * FROM `cat`  [ RunTime:0.0007s ]
INFO: [ view_parse ] --START--
INFO: [ template_filter ] --START--
INFO: Run Behavior\ContentReplaceBehavior [ RunTime:0.000240s ]
INFO: [ template_filter ] --END-- [ RunTime:0.000479s ]
NOTIC: [8] Use of undefined constant cat_id - assumed 'cat_id' D:\app\XAMPP\install\htdocs\Blog\Application\Runtime\Cache\Admin\8505899e8242d58022a2c24f700df1a6.php 第 47 行.
NOTIC: [8] Use of undefined constant cat_id - assumed 'cat_id' D:\app\XAMPP\install\htdocs\Blog\Application\Runtime\Cache\Admin\8505899e8242d58022a2c24f700df1a6.php 第 48 行.
NOTIC: [8] Use of undefined constant cat_name - assumed 'cat_name' D:\app\XAMPP\install\htdocs\Blog\Application\Runtime\Cache\Admin\8505899e8242d58022a2c24f700df1a6.php 第 48 行.
NOTIC: [8] Use of undefined constant cat_id - assumed 'cat_id' D:\app\XAMPP\install\htdocs\Blog\Application\Runtime\Cache\Admin\8505899e8242d58022a2c24f700df1a6.php 第 47 行.
NOTIC: [8] Use of undefined constant cat_id - assumed 'cat_id' D:\app\XAMPP\install\htdocs\Blog\Application\Runtime\Cache\Admin\8505899e8242d58022a2c24f700df1a6.php 第 48 行.
NOTIC: [8] Use of undefined constant cat_name - assumed 'cat_name' D:\app\XAMPP\install\htdocs\Blog\Application\Runtime\Cache\Admin\8505899e8242d58022a2c24f700df1a6.php 第 48 行.
NOTIC: [8] Use of undefined constant cat_id - assumed 'cat_id' D:\app\XAMPP\install\htdocs\Blog\Application\Runtime\Cache\Admin\8505899e8242d58022a2c24f700df1a6.php 第 47 行.
NOTIC: [8] Use of undefined constant cat_id - assumed 'cat_id' D:\app\XAMPP\install\htdocs\Blog\Application\Runtime\Cache\Admin\8505899e8242d58022a2c24f700df1a6.php 第 48 行.
NOTIC: [8] Use of undefined constant cat_name - assumed 'cat_name' D:\app\XAMPP\install\htdocs\Blog\Application\Runtime\Cache\Admin\8505899e8242d58022a2c24f700df1a6.php 第 48 行.
NOTIC: [8] Use of undefined constant cat_id - assumed 'cat_id' D:\app\XAMPP\install\htdocs\Blog\Application\Runtime\Cache\Admin\8505899e8242d58022a2c24f700df1a6.php 第 47 行.
NOTIC: [8] Use of undefined constant cat_id - assumed 'cat_id' D:\app\XAMPP\install\htdocs\Blog\Application\Runtime\Cache\Admin\8505899e8242d58022a2c24f700df1a6.php 第 48 行.
NOTIC: [8] Use of undefined constant cat_name - assumed 'cat_name' D:\app\XAMPP\install\htdocs\Blog\Application\Runtime\Cache\Admin\8505899e8242d58022a2c24f700df1a6.php 第 48 行.
INFO: Run Behavior\ParseTemplateBehavior [ RunTime:0.027586s ]
INFO: [ view_parse ] --END-- [ RunTime:0.027773s ]
INFO: [ view_filter ] --START--
INFO: Run Behavior\WriteHtmlCacheBehavior [ RunTime:0.000992s ]
INFO: [ view_filter ] --END-- [ RunTime:0.001099s ]
INFO: [ app_end ] --START--
INFO: Run Behavior\ShowPageTraceBehavior [ RunTime:0.001470s ]
INFO: [ app_end ] --END-- [ RunTime:0.001590s ]

[ 2017-02-27T23:15:53+08:00 ] ::1 /Blog/index.php/Admin/Cat/catedit
INFO: [ app_init ] --START--
INFO: Run Behavior\BuildLiteBehavior [ RunTime:0.000034s ]
INFO: [ app_init ] --END-- [ RunTime:0.001026s ]
INFO: [ app_begin ] --START--
INFO: Run Behavior\ReadHtmlCacheBehavior [ RunTime:0.001441s ]
INFO: [ app_begin ] --END-- [ RunTime:0.001621s ]
NOTIC: [8] A session had already been started - ignoring session_start() D:\app\XAMPP\install\htdocs\Blog\Application\Admin\Common\Common.php 第 5 行.
INFO: [ view_parse ] --START--
INFO: [ template_filter ] --START--
INFO: Run Behavior\ContentReplaceBehavior [ RunTime:0.000125s ]
INFO: [ template_filter ] --END-- [ RunTime:0.000265s ]
INFO: Run Behavior\ParseTemplateBehavior [ RunTime:0.020029s ]
INFO: [ view_parse ] --END-- [ RunTime:0.020180s ]
INFO: [ view_filter ] --START--
INFO: Run Behavior\WriteHtmlCacheBehavior [ RunTime:0.000855s ]
INFO: [ view_filter ] --END-- [ RunTime:0.001044s ]
INFO: [ app_end ] --START--
INFO: Run Behavior\ShowPageTraceBehavior [ RunTime:0.001547s ]
INFO: [ app_end ] --END-- [ RunTime:0.001681s ]

[ 2017-02-27T23:16:25+08:00 ] ::1 /Blog/index.php/Admin/Cat/catedit
INFO: [ app_init ] --START--
INFO: Run Behavior\BuildLiteBehavior [ RunTime:0.000067s ]
INFO: [ app_init ] --END-- [ RunTime:0.002742s ]
INFO: [ app_begin ] --START--
INFO: Run Behavior\ReadHtmlCacheBehavior [ RunTime:0.001243s ]
INFO: [ app_begin ] --END-- [ RunTime:0.001394s ]
NOTIC: [8] A session had already been started - ignoring session_start() D:\app\XAMPP\install\htdocs\Blog\Application\Admin\Common\Common.php 第 5 行.

[ 2017-02-27T23:16:39+08:00 ] ::1 /Blog/index.php/Admin/Art/artAdd
INFO: [ app_init ] --START--
INFO: Run Behavior\BuildLiteBehavior [ RunTime:0.000049s ]
INFO: [ app_init ] --END-- [ RunTime:0.001427s ]
INFO: [ app_begin ] --START--
INFO: Run Behavior\ReadHtmlCacheBehavior [ RunTime:0.001235s ]
INFO: [ app_begin ] --END-- [ RunTime:0.001401s ]
NOTIC: [8] A session had already been started - ignoring session_start() D:\app\XAMPP\install\htdocs\Blog\Application\Admin\Common\Common.php 第 5 行.

